This is pdfTeX, Version 3.14159265-2.6-1.40.21 (TeX Live 2020/W32TeX) (preloaded format=pdflatex 2021.2.28)  13 APR 2023 12:10
entering extended mode
 restricted \write18 enabled.
 %&-line parsing enabled.
**Lab2-MARSS.tex
(./Lab2-MARSS.tex
LaTeX2e <2020-10-01> patch level 4
L3 programming layer <2021-02-18>
(c:/Users/Elizabeth Elmstrom/AppData/Roaming/TinyTeX/texmf-dist/tex/latex/base/
article.cls
Document Class: article 2020/04/10 v1.4m Standard LaTeX document class

(c:/Users/Elizabeth Elmstrom/AppData/Roaming/TinyTeX/texmf-dist/tex/latex/base/
size10.clo
File: size10.clo 2020/04/10 v1.4m Standard LaTeX file (size option)
)
\c@part=\count179
\c@section=\count180
\c@subsection=\count181
\c@subsubsection=\count182
\c@paragraph=\count183
\c@subparagraph=\count184
\c@figure=\count185
\c@table=\count186
\abovecaptionskip=\skip47
\belowcaptionskip=\skip48
\bibindent=\dimen138
)
(c:/Users/Elizabeth Elmstrom/AppData/Roaming/TinyTeX/texmf-dist/tex/latex/amsma
th/amsmath.sty
Package: amsmath 2020/09/23 v2.17i AMS math features
\@mathmargin=\skip49
For additional information on amsmath, use the `?' option.

(c:/Users/Elizabeth Elmstrom/AppData/Roaming/TinyTeX/texmf-dist/tex/latex/amsma
th/amstext.sty
Package: amstext 2000/06/29 v2.01 AMS text

(c:/Users/Elizabeth Elmstrom/AppData/Roaming/TinyTeX/texmf-dist/tex/latex/amsma
th/amsgen.sty
File: amsgen.sty 1999/11/30 v2.0 generic functions
\@emptytoks=\toks15
\ex@=\dimen139
))
(c:/Users/Elizabeth Elmstrom/AppData/Roaming/TinyTeX/texmf-dist/tex/latex/amsma
th/amsbsy.sty
Package: amsbsy 1999/11/29 v1.2d Bold Symbols
\pmbraise@=\dimen140
)
(c:/Users/Elizabeth Elmstrom/AppData/Roaming/TinyTeX/texmf-dist/tex/latex/amsma
th/amsopn.sty
Package: amsopn 2016/03/08 v2.02 operator names
)
\inf@bad=\count187
LaTeX Info: Redefining \frac on input line 234.
\uproot@=\count188
\leftroot@=\count189
LaTeX Info: Redefining \overline on input line 399.
\classnum@=\count190
\DOTSCASE@=\count191
LaTeX Info: Redefining \ldots on input line 496.
LaTeX Info: Redefining \dots on input line 499.
LaTeX Info: Redefining \cdots on input line 620.
\Mathstrutbox@=\box47
\strutbox@=\box48
\big@size=\dimen141
LaTeX Font Info:    Redeclaring font encoding OML on input line 743.
LaTeX Font Info:    Redeclaring font encoding OMS on input line 744.
\macc@depth=\count192
\c@MaxMatrixCols=\count193
\dotsspace@=\muskip16
\c@parentequation=\count194
\dspbrk@lvl=\count195
\tag@help=\toks16
\row@=\count196
\column@=\count197
\maxfields@=\count198
\andhelp@=\toks17
\eqnshift@=\dimen142
\alignsep@=\dimen143
\tagshift@=\dimen144
\tagwidth@=\dimen145
\totwidth@=\dimen146
\lineht@=\dimen147
\@envbody=\toks18
\multlinegap=\skip50
\multlinetaggap=\skip51
\mathdisplay@stack=\toks19
LaTeX Info: Redefining \[ on input line 2923.
LaTeX Info: Redefining \] on input line 2924.
)
(c:/Users/Elizabeth Elmstrom/AppData/Roaming/TinyTeX/texmf-dist/tex/latex/amsfo
nts/amssymb.sty
Package: amssymb 2013/01/14 v3.01 AMS font symbols

(c:/Users/Elizabeth Elmstrom/AppData/Roaming/TinyTeX/texmf-dist/tex/latex/amsfo
nts/amsfonts.sty
Package: amsfonts 2013/01/14 v3.01 Basic AMSFonts support
\symAMSa=\mathgroup4
\symAMSb=\mathgroup5
LaTeX Font Info:    Redeclaring math symbol \hbar on input line 98.
LaTeX Font Info:    Overwriting math alphabet `\mathfrak' in version `bold'
(Font)                  U/euf/m/n --> U/euf/b/n on input line 106.
))
(c:/Users/Elizabeth Elmstrom/AppData/Roaming/TinyTeX/texmf-dist/tex/latex/lm/lm
odern.sty
Package: lmodern 2009/10/30 v1.6 Latin Modern Fonts
LaTeX Font Info:    Overwriting symbol font `operators' in version `normal'
(Font)                  OT1/cmr/m/n --> OT1/lmr/m/n on input line 22.
LaTeX Font Info:    Overwriting symbol font `letters' in version `normal'
(Font)                  OML/cmm/m/it --> OML/lmm/m/it on input line 23.
LaTeX Font Info:    Overwriting symbol font `symbols' in version `normal'
(Font)                  OMS/cmsy/m/n --> OMS/lmsy/m/n on input line 24.
LaTeX Font Info:    Overwriting symbol font `largesymbols' in version `normal'
(Font)                  OMX/cmex/m/n --> OMX/lmex/m/n on input line 25.
LaTeX Font Info:    Overwriting symbol font `operators' in version `bold'
(Font)                  OT1/cmr/bx/n --> OT1/lmr/bx/n on input line 26.
LaTeX Font Info:    Overwriting symbol font `letters' in version `bold'
(Font)                  OML/cmm/b/it --> OML/lmm/b/it on input line 27.
LaTeX Font Info:    Overwriting symbol font `symbols' in version `bold'
(Font)                  OMS/cmsy/b/n --> OMS/lmsy/b/n on input line 28.
LaTeX Font Info:    Overwriting symbol font `largesymbols' in version `bold'
(Font)                  OMX/cmex/m/n --> OMX/lmex/m/n on input line 29.
LaTeX Font Info:    Overwriting math alphabet `\mathbf' in version `normal'
(Font)                  OT1/cmr/bx/n --> OT1/lmr/bx/n on input line 31.
LaTeX Font Info:    Overwriting math alphabet `\mathsf' in version `normal'
(Font)                  OT1/cmss/m/n --> OT1/lmss/m/n on input line 32.
LaTeX Font Info:    Overwriting math alphabet `\mathit' in version `normal'
(Font)                  OT1/cmr/m/it --> OT1/lmr/m/it on input line 33.
LaTeX Font Info:    Overwriting math alphabet `\mathtt' in version `normal'
(Font)                  OT1/cmtt/m/n --> OT1/lmtt/m/n on input line 34.
LaTeX Font Info:    Overwriting math alphabet `\mathbf' in version `bold'
(Font)                  OT1/cmr/bx/n --> OT1/lmr/bx/n on input line 35.
LaTeX Font Info:    Overwriting math alphabet `\mathsf' in version `bold'
(Font)                  OT1/cmss/bx/n --> OT1/lmss/bx/n on input line 36.
LaTeX Font Info:    Overwriting math alphabet `\mathit' in version `bold'
(Font)                  OT1/cmr/bx/it --> OT1/lmr/bx/it on input line 37.
LaTeX Font Info:    Overwriting math alphabet `\mathtt' in version `bold'
(Font)                  OT1/cmtt/m/n --> OT1/lmtt/m/n on input line 38.
)
(c:/Users/Elizabeth Elmstrom/AppData/Roaming/TinyTeX/texmf-dist/tex/generic/ift
ex/iftex.sty
Package: iftex 2020/03/06 v1.0d TeX engine tests
)
(c:/Users/Elizabeth Elmstrom/AppData/Roaming/TinyTeX/texmf-dist/tex/latex/base/
fontenc.sty
Package: fontenc 2020/08/10 v2.0s Standard LaTeX package
LaTeX Font Info:    Trying to load font information for T1+lmr on input line 11
2.

(c:/Users/Elizabeth Elmstrom/AppData/Roaming/TinyTeX/texmf-dist/tex/latex/lm/t1
lmr.fd
File: t1lmr.fd 2009/10/30 v1.6 Font defs for Latin Modern
))
(c:/Users/Elizabeth Elmstrom/AppData/Roaming/TinyTeX/texmf-dist/tex/latex/base/
inputenc.sty
Package: inputenc 2020/08/01 v1.3d Input encoding file
\inpenc@prehook=\toks20
\inpenc@posthook=\toks21
)
(c:/Users/Elizabeth Elmstrom/AppData/Roaming/TinyTeX/texmf-dist/tex/latex/base/
textcomp.sty
Package: textcomp 2020/02/02 v2.0n Standard LaTeX package
)
(c:/Users/Elizabeth Elmstrom/AppData/Roaming/TinyTeX/texmf-dist/tex/latex/xcolo
r/xcolor.sty
Package: xcolor 2016/05/11 v2.12 LaTeX color extensions (UK)

(c:/Users/Elizabeth Elmstrom/AppData/Roaming/TinyTeX/texmf-dist/tex/latex/graph
ics-cfg/color.cfg
File: color.cfg 2016/01/02 v1.6 sample color configuration
)
Package xcolor Info: Driver file: pdftex.def on input line 225.

(c:/Users/Elizabeth Elmstrom/AppData/Roaming/TinyTeX/texmf-dist/tex/latex/graph
ics-def/pdftex.def
File: pdftex.def 2020/10/05 v1.2a Graphics/color driver for pdftex
)
Package xcolor Info: Model `cmy' substituted by `cmy0' on input line 1348.
Package xcolor Info: Model `hsb' substituted by `rgb' on input line 1352.
Package xcolor Info: Model `RGB' extended on input line 1364.
Package xcolor Info: Model `HTML' substituted by `rgb' on input line 1366.
Package xcolor Info: Model `Hsb' substituted by `hsb' on input line 1367.
Package xcolor Info: Model `tHsb' substituted by `hsb' on input line 1368.
Package xcolor Info: Model `HSB' substituted by `hsb' on input line 1369.
Package xcolor Info: Model `Gray' substituted by `gray' on input line 1370.
Package xcolor Info: Model `wave' substituted by `hsb' on input line 1371.
)
(c:/Users/Elizabeth Elmstrom/AppData/Roaming/TinyTeX/texmf-dist/tex/latex/geome
try/geometry.sty
Package: geometry 2020/01/02 v5.9 Page Geometry

(c:/Users/Elizabeth Elmstrom/AppData/Roaming/TinyTeX/texmf-dist/tex/latex/graph
ics/keyval.sty
Package: keyval 2014/10/28 v1.15 key=value parser (DPC)
\KV@toks@=\toks22
)
(c:/Users/Elizabeth Elmstrom/AppData/Roaming/TinyTeX/texmf-dist/tex/generic/ift
ex/ifvtex.sty
Package: ifvtex 2019/10/25 v1.7 ifvtex legacy package. Use iftex instead.
)
\Gm@cnth=\count199
\Gm@cntv=\count266
\c@Gm@tempcnt=\count267
\Gm@bindingoffset=\dimen148
\Gm@wd@mp=\dimen149
\Gm@odd@mp=\dimen150
\Gm@even@mp=\dimen151
\Gm@layoutwidth=\dimen152
\Gm@layoutheight=\dimen153
\Gm@layouthoffset=\dimen154
\Gm@layoutvoffset=\dimen155
\Gm@dimlist=\toks23
)
(c:/Users/Elizabeth Elmstrom/AppData/Roaming/TinyTeX/texmf-dist/tex/latex/fancy
vrb/fancyvrb.sty
Package: fancyvrb 2021/01/20 v3.7 verbatim text (tvz,hv)
\FV@CodeLineNo=\count268
\FV@InFile=\read2
\FV@TabBox=\box49
\c@FancyVerbLine=\count269
\FV@StepNumber=\count270
\FV@OutFile=\write3
)
(c:/Users/Elizabeth Elmstrom/AppData/Roaming/TinyTeX/texmf-dist/tex/latex/frame
d/framed.sty
Package: framed 2011/10/22 v 0.96: framed or shaded text with page breaks
\OuterFrameSep=\skip52
\fb@frw=\dimen156
\fb@frh=\dimen157
\FrameRule=\dimen158
\FrameSep=\dimen159
)
(c:/Users/Elizabeth Elmstrom/AppData/Roaming/TinyTeX/texmf-dist/tex/latex/graph
ics/graphicx.sty
Package: graphicx 2020/09/09 v1.2b Enhanced LaTeX Graphics (DPC,SPQR)

(c:/Users/Elizabeth Elmstrom/AppData/Roaming/TinyTeX/texmf-dist/tex/latex/graph
ics/graphics.sty
Package: graphics 2020/08/30 v1.4c Standard LaTeX Graphics (DPC,SPQR)

(c:/Users/Elizabeth Elmstrom/AppData/Roaming/TinyTeX/texmf-dist/tex/latex/graph
ics/trig.sty
Package: trig 2016/01/03 v1.10 sin cos tan (DPC)
)
(c:/Users/Elizabeth Elmstrom/AppData/Roaming/TinyTeX/texmf-dist/tex/latex/graph
ics-cfg/graphics.cfg
File: graphics.cfg 2016/06/04 v1.11 sample graphics configuration
)
Package graphics Info: Driver file: pdftex.def on input line 105.
)
\Gin@req@height=\dimen160
\Gin@req@width=\dimen161
)
(c:/Users/Elizabeth Elmstrom/AppData/Roaming/TinyTeX/texmf-dist/tex/latex/hyper
ref/hyperref.sty
Package: hyperref 2021-02-10 v7.00j Hypertext links for LaTeX

(c:/Users/Elizabeth Elmstrom/AppData/Roaming/TinyTeX/texmf-dist/tex/generic/ltx
cmds/ltxcmds.sty
Package: ltxcmds 2020-05-10 v1.25 LaTeX kernel commands for general use (HO)
)
(c:/Users/Elizabeth Elmstrom/AppData/Roaming/TinyTeX/texmf-dist/tex/generic/pdf
texcmds/pdftexcmds.sty
Package: pdftexcmds 2020-06-27 v0.33 Utility functions of pdfTeX for LuaTeX (HO
)

(c:/Users/Elizabeth Elmstrom/AppData/Roaming/TinyTeX/texmf-dist/tex/generic/inf
warerr/infwarerr.sty
Package: infwarerr 2019/12/03 v1.5 Providing info/warning/error messages (HO)
)
Package pdftexcmds Info: \pdf@primitive is available.
Package pdftexcmds Info: \pdf@ifprimitive is available.
Package pdftexcmds Info: \pdfdraftmode found.
)
(c:/Users/Elizabeth Elmstrom/AppData/Roaming/TinyTeX/texmf-dist/tex/generic/kvs
etkeys/kvsetkeys.sty
Package: kvsetkeys 2019/12/15 v1.18 Key value parser (HO)
)
(c:/Users/Elizabeth Elmstrom/AppData/Roaming/TinyTeX/texmf-dist/tex/generic/kvd
efinekeys/kvdefinekeys.sty
Package: kvdefinekeys 2019-12-19 v1.6 Define keys (HO)
)
(c:/Users/Elizabeth Elmstrom/AppData/Roaming/TinyTeX/texmf-dist/tex/generic/pdf
escape/pdfescape.sty
Package: pdfescape 2019/12/09 v1.15 Implements pdfTeX's escape features (HO)
)
(c:/Users/Elizabeth Elmstrom/AppData/Roaming/TinyTeX/texmf-dist/tex/latex/hycol
or/hycolor.sty
Package: hycolor 2020-01-27 v1.10 Color options for hyperref/bookmark (HO)
)
(c:/Users/Elizabeth Elmstrom/AppData/Roaming/TinyTeX/texmf-dist/tex/latex/letlt
xmacro/letltxmacro.sty
Package: letltxmacro 2019/12/03 v1.6 Let assignment for LaTeX macros (HO)
)
(c:/Users/Elizabeth Elmstrom/AppData/Roaming/TinyTeX/texmf-dist/tex/latex/auxho
ok/auxhook.sty
Package: auxhook 2019-12-17 v1.6 Hooks for auxiliary files (HO)
)
(c:/Users/Elizabeth Elmstrom/AppData/Roaming/TinyTeX/texmf-dist/tex/latex/kvopt
ions/kvoptions.sty
Package: kvoptions 2020-10-07 v3.14 Key value format for package options (HO)
)
\@linkdim=\dimen162
\Hy@linkcounter=\count271
\Hy@pagecounter=\count272

(c:/Users/Elizabeth Elmstrom/AppData/Roaming/TinyTeX/texmf-dist/tex/latex/hyper
ref/pd1enc.def
File: pd1enc.def 2021-02-10 v7.00j Hyperref: PDFDocEncoding definition (HO)
Now handling font encoding PD1 ...
... no UTF-8 mapping file for font encoding PD1
)
(c:/Users/Elizabeth Elmstrom/AppData/Roaming/TinyTeX/texmf-dist/tex/latex/hyper
ref/hyperref-langpatches.def
File: hyperref-langpatches.def 2021-02-10 v7.00j Hyperref: patches for babel la
nguages
)
(c:/Users/Elizabeth Elmstrom/AppData/Roaming/TinyTeX/texmf-dist/tex/generic/int
calc/intcalc.sty
Package: intcalc 2019/12/15 v1.3 Expandable calculations with integers (HO)
)
(c:/Users/Elizabeth Elmstrom/AppData/Roaming/TinyTeX/texmf-dist/tex/generic/ete
xcmds/etexcmds.sty
Package: etexcmds 2019/12/15 v1.7 Avoid name clashes with e-TeX commands (HO)
)
\Hy@SavedSpaceFactor=\count273

(c:/Users/Elizabeth Elmstrom/AppData/Roaming/TinyTeX/texmf-dist/tex/latex/hyper
ref/puenc.def
File: puenc.def 2021-02-10 v7.00j Hyperref: PDF Unicode definition (HO)
Now handling font encoding PU ...
... no UTF-8 mapping file for font encoding PU
)
Package hyperref Info: Option `unicode' set `true' on input line 4073.
Package hyperref Info: Hyper figures OFF on input line 4192.
Package hyperref Info: Link nesting OFF on input line 4197.
Package hyperref Info: Hyper index ON on input line 4200.
Package hyperref Info: Plain pages OFF on input line 4207.
Package hyperref Info: Backreferencing OFF on input line 4212.
Package hyperref Info: Implicit mode ON; LaTeX internals redefined.
Package hyperref Info: Bookmarks ON on input line 4445.
\c@Hy@tempcnt=\count274

(c:/Users/Elizabeth Elmstrom/AppData/Roaming/TinyTeX/texmf-dist/tex/latex/url/u
rl.sty
\Urlmuskip=\muskip17
Package: url 2013/09/16  ver 3.4  Verb mode for urls, etc.
)
LaTeX Info: Redefining \url on input line 4804.
\XeTeXLinkMargin=\dimen163

(c:/Users/Elizabeth Elmstrom/AppData/Roaming/TinyTeX/texmf-dist/tex/generic/bit
set/bitset.sty
Package: bitset 2019/12/09 v1.3 Handle bit-vector datatype (HO)

(c:/Users/Elizabeth Elmstrom/AppData/Roaming/TinyTeX/texmf-dist/tex/generic/big
intcalc/bigintcalc.sty
Package: bigintcalc 2019/12/15 v1.5 Expandable calculations on big integers (HO
)
))
\Fld@menulength=\count275
\Field@Width=\dimen164
\Fld@charsize=\dimen165
Package hyperref Info: Hyper figures OFF on input line 6075.
Package hyperref Info: Link nesting OFF on input line 6080.
Package hyperref Info: Hyper index ON on input line 6083.
Package hyperref Info: backreferencing OFF on input line 6090.
Package hyperref Info: Link coloring OFF on input line 6095.
Package hyperref Info: Link coloring with OCG OFF on input line 6100.
Package hyperref Info: PDF/A mode OFF on input line 6105.
LaTeX Info: Redefining \ref on input line 6145.
LaTeX Info: Redefining \pageref on input line 6149.

(c:/Users/Elizabeth Elmstrom/AppData/Roaming/TinyTeX/texmf-dist/tex/latex/base/
atbegshi-ltx.sty
Package: atbegshi-ltx 2020/08/17 v1.0a Emulation of the original atbegshi packa
ge
with kernel methods
)
\Hy@abspage=\count276
\c@Item=\count277
\c@Hfootnote=\count278
)
Package hyperref Info: Driver (autodetected): hpdftex.

(c:/Users/Elizabeth Elmstrom/AppData/Roaming/TinyTeX/texmf-dist/tex/latex/hyper
ref/hpdftex.def
File: hpdftex.def 2021-02-10 v7.00j Hyperref driver for pdfTeX

(c:/Users/Elizabeth Elmstrom/AppData/Roaming/TinyTeX/texmf-dist/tex/latex/base/
atveryend-ltx.sty
Package: atveryend-ltx 2020/08/19 v1.0a Emulation of the original atvery packag
e
with kernel methods
)
\Fld@listcount=\count279
\c@bookmark@seq@number=\count280

(c:/Users/Elizabeth Elmstrom/AppData/Roaming/TinyTeX/texmf-dist/tex/latex/rerun
filecheck/rerunfilecheck.sty
Package: rerunfilecheck 2019/12/05 v1.9 Rerun checks for auxiliary files (HO)

(c:/Users/Elizabeth Elmstrom/AppData/Roaming/TinyTeX/texmf-dist/tex/generic/uni
quecounter/uniquecounter.sty
Package: uniquecounter 2019/12/15 v1.4 Provide unlimited unique counter (HO)
)
Package uniquecounter Info: New unique counter `rerunfilecheck' on input line 2
86.
)
\Hy@SectionHShift=\skip53
)
(c:/Users/Elizabeth Elmstrom/AppData/Roaming/TinyTeX/texmf-dist/tex/latex/l3bac
kend/l3backend-pdftex.def
File: l3backend-pdftex.def 2021-02-18 L3 backend support: PDF output (pdfTeX)
\l__color_backend_stack_int=\count281
\l__pdf_internal_box=\box50
)
No file Lab2-MARSS.aux.
\openout1 = `Lab2-MARSS.aux'.

LaTeX Font Info:    Checking defaults for OML/cmm/m/it on input line 110.
LaTeX Font Info:    ... okay on input line 110.
LaTeX Font Info:    Checking defaults for OMS/cmsy/m/n on input line 110.
LaTeX Font Info:    ... okay on input line 110.
LaTeX Font Info:    Checking defaults for OT1/cmr/m/n on input line 110.
LaTeX Font Info:    ... okay on input line 110.
LaTeX Font Info:    Checking defaults for T1/cmr/m/n on input line 110.
LaTeX Font Info:    ... okay on input line 110.
LaTeX Font Info:    Checking defaults for TS1/cmr/m/n on input line 110.
LaTeX Font Info:    ... okay on input line 110.
LaTeX Font Info:    Checking defaults for OMX/cmex/m/n on input line 110.
LaTeX Font Info:    ... okay on input line 110.
LaTeX Font Info:    Checking defaults for U/cmr/m/n on input line 110.
LaTeX Font Info:    ... okay on input line 110.
LaTeX Font Info:    Checking defaults for PD1/pdf/m/n on input line 110.
LaTeX Font Info:    ... okay on input line 110.
LaTeX Font Info:    Checking defaults for PU/pdf/m/n on input line 110.
LaTeX Font Info:    ... okay on input line 110.

(c:/Users/Elizabeth Elmstrom/AppData/Roaming/TinyTeX/texmf-dist/tex/latex/epsto
pdf-pkg/epstopdf-base.sty
Package: epstopdf-base 2020-01-24 v2.11 Base part for package epstopdf
Package epstopdf-base Info: Redefining graphics rule for `.eps' on input line 4
85.

(c:/Users/Elizabeth Elmstrom/AppData/Roaming/TinyTeX/texmf-dist/tex/latex/latex
config/epstopdf-sys.cfg
File: epstopdf-sys.cfg 2010/07/13 v1.3 Configuration of (r)epstopdf for TeX Liv
e
))
*geometry* driver: auto-detecting
*geometry* detected driver: pdftex
*geometry* verbose mode - [ preamble ] result:
* driver: pdftex
* paper: <default>
* layout: <same size as paper>
* layoutoffset:(h,v)=(0.0pt,0.0pt)
* modes: 
* h-part:(L,W,R)=(72.26999pt, 469.75502pt, 72.26999pt)
* v-part:(T,H,B)=(72.26999pt, 650.43001pt, 72.26999pt)
* \paperwidth=614.295pt
* \paperheight=794.96999pt
* \textwidth=469.75502pt
* \textheight=650.43001pt
* \oddsidemargin=0.0pt
* \evensidemargin=0.0pt
* \topmargin=-37.0pt
* \headheight=12.0pt
* \headsep=25.0pt
* \topskip=10.0pt
* \footskip=30.0pt
* \marginparwidth=65.0pt
* \marginparsep=11.0pt
* \columnsep=10.0pt
* \skip\footins=9.0pt plus 4.0pt minus 2.0pt
* \hoffset=0.0pt
* \voffset=0.0pt
* \mag=1000
* \@twocolumnfalse
* \@twosidefalse
* \@mparswitchfalse
* \@reversemarginfalse
* (1in=72.27pt=25.4mm, 1cm=28.453pt)

Package hyperref Info: Link coloring OFF on input line 110.

(c:/Users/Elizabeth Elmstrom/AppData/Roaming/TinyTeX/texmf-dist/tex/latex/hyper
ref/nameref.sty
Package: nameref 2021-04-02 v2.47 Cross-referencing by name of section

(c:/Users/Elizabeth Elmstrom/AppData/Roaming/TinyTeX/texmf-dist/tex/latex/refco
unt/refcount.sty
Package: refcount 2019/12/15 v3.6 Data extraction from label references (HO)
)
(c:/Users/Elizabeth Elmstrom/AppData/Roaming/TinyTeX/texmf-dist/tex/generic/get
titlestring/gettitlestring.sty
Package: gettitlestring 2019/12/15 v1.6 Cleanup title references (HO)
)
\c@section@level=\count282
)
LaTeX Info: Redefining \ref on input line 110.
LaTeX Info: Redefining \pageref on input line 110.
LaTeX Info: Redefining \nameref on input line 110.
\@outlinefile=\write4
\openout4 = `Lab2-MARSS.out'.

LaTeX Font Info:    Trying to load font information for OT1+lmr on input line 1
12.

(c:/Users/Elizabeth Elmstrom/AppData/Roaming/TinyTeX/texmf-dist/tex/latex/lm/ot
1lmr.fd
File: ot1lmr.fd 2009/10/30 v1.6 Font defs for Latin Modern
)
LaTeX Font Info:    Trying to load font information for OML+lmm on input line 1
12.

(c:/Users/Elizabeth Elmstrom/AppData/Roaming/TinyTeX/texmf-dist/tex/latex/lm/om
llmm.fd
File: omllmm.fd 2009/10/30 v1.6 Font defs for Latin Modern
)
LaTeX Font Info:    Trying to load font information for OMS+lmsy on input line 
112.

(c:/Users/Elizabeth Elmstrom/AppData/Roaming/TinyTeX/texmf-dist/tex/latex/lm/om
slmsy.fd
File: omslmsy.fd 2009/10/30 v1.6 Font defs for Latin Modern
)
LaTeX Font Info:    Trying to load font information for OMX+lmex on input line 
112.

(c:/Users/Elizabeth Elmstrom/AppData/Roaming/TinyTeX/texmf-dist/tex/latex/lm/om
xlmex.fd
File: omxlmex.fd 2009/10/30 v1.6 Font defs for Latin Modern
)
LaTeX Font Info:    External font `lmex10' loaded for size
(Font)              <12> on input line 112.
LaTeX Font Info:    External font `lmex10' loaded for size
(Font)              <8> on input line 112.
LaTeX Font Info:    External font `lmex10' loaded for size
(Font)              <6> on input line 112.
LaTeX Font Info:    Trying to load font information for U+msa on input line 112
.

(c:/Users/Elizabeth Elmstrom/AppData/Roaming/TinyTeX/texmf-dist/tex/latex/amsfo
nts/umsa.fd
File: umsa.fd 2013/01/14 v3.01 AMS symbols A
)
LaTeX Font Info:    Trying to load font information for U+msb on input line 112
.

(c:/Users/Elizabeth Elmstrom/AppData/Roaming/TinyTeX/texmf-dist/tex/latex/amsfo
nts/umsb.fd
File: umsb.fd 2013/01/14 v3.01 AMS symbols B
)
\tf@toc=\write5
\openout5 = `Lab2-MARSS.toc'.

LaTeX Font Info:    Trying to load font information for T1+lmtt on input line 1
18.

(c:/Users/Elizabeth Elmstrom/AppData/Roaming/TinyTeX/texmf-dist/tex/latex/lm/t1
lmtt.fd
File: t1lmtt.fd 2009/10/30 v1.6 Font defs for Latin Modern
)
Overfull \hbox (6.98099pt too wide) in paragraph at lines 153--159
\T1/lmr/m/n/10 client[] for the CAX (the CAP database) API. The data are saved 
in \T1/lmtt/m/n/10 Lab-2/Data_Images/columbia-river.rda\T1/lmr/m/n/10 . 
 []

<Data_Images/LCR-chinook-regions.png, id=6, 645.41125pt x 603.25375pt>
File: Data_Images/LCR-chinook-regions.png Graphic file (type png)
<use Data_Images/LCR-chinook-regions.png>
Package pdftex.def Info: Data_Images/LCR-chinook-regions.png  used on input lin
e 185.
(pdftex.def)             Requested size: 234.869pt x 219.52763pt.
[1

{c:/Users/Elizabeth Elmstrom/AppData/Roaming/TinyTeX/texmf-var/fonts/map/pdftex
/updmap/pdftex.map}]
LaTeX Font Info:    Trying to load font information for TS1+lmr on input line 2
08.

(c:/Users/Elizabeth Elmstrom/AppData/Roaming/TinyTeX/texmf-dist/tex/latex/lm/ts
1lmr.fd
File: ts1lmr.fd 2009/10/30 v1.6 Font defs for Latin Modern
)
LaTeX Font Info:    Font shape `T1/lmtt/bx/n' in size <10> not available
(Font)              Font shape `T1/lmtt/b/n' tried instead on input line 233.
[2 <./Data_Images/LCR-chinook-regions.png>]
<Lab2-MARSS_files/figure-latex/unnamed-chunk-7-1.pdf, id=41, 469.755pt x 325.21
5pt>
File: Lab2-MARSS_files/figure-latex/unnamed-chunk-7-1.pdf Graphic file (type pd
f)
<use Lab2-MARSS_files/figure-latex/unnamed-chunk-7-1.pdf>
Package pdftex.def Info: Lab2-MARSS_files/figure-latex/unnamed-chunk-7-1.pdf  u
sed on input line 251.
(pdftex.def)             Requested size: 469.75386pt x 325.2142pt.
<Lab2-MARSS_files/figure-latex/unnamed-chunk-8-1.pdf, id=42, 469.755pt x 325.21
5pt>
File: Lab2-MARSS_files/figure-latex/unnamed-chunk-8-1.pdf Graphic file (type pd
f)
<use Lab2-MARSS_files/figure-latex/unnamed-chunk-8-1.pdf>
Package pdftex.def Info: Lab2-MARSS_files/figure-latex/unnamed-chunk-8-1.pdf  u
sed on input line 259.
(pdftex.def)             Requested size: 469.75386pt x 325.2142pt.
[3 <./Lab2-MARSS_files/figure-latex/unnamed-chunk-7-1.pdf>]
<Lab2-MARSS_files/figure-latex/unnamed-chunk-9-1.pdf, id=52, 469.755pt x 325.21
5pt>
File: Lab2-MARSS_files/figure-latex/unnamed-chunk-9-1.pdf Graphic file (type pd
f)
<use Lab2-MARSS_files/figure-latex/unnamed-chunk-9-1.pdf>
Package pdftex.def Info: Lab2-MARSS_files/figure-latex/unnamed-chunk-9-1.pdf  u
sed on input line 267.
(pdftex.def)             Requested size: 469.75386pt x 325.2142pt.
[4 <./Lab2-MARSS_files/figure-latex/unnamed-chunk-8-1.pdf>]
<Lab2-MARSS_files/figure-latex/unnamed-chunk-10-1.pdf, id=62, 469.755pt x 325.2
15pt>
File: Lab2-MARSS_files/figure-latex/unnamed-chunk-10-1.pdf Graphic file (type p
df)
<use Lab2-MARSS_files/figure-latex/unnamed-chunk-10-1.pdf>
Package pdftex.def Info: Lab2-MARSS_files/figure-latex/unnamed-chunk-10-1.pdf  
used on input line 275.
(pdftex.def)             Requested size: 469.75386pt x 325.2142pt.
[5 <./Lab2-MARSS_files/figure-latex/unnamed-chunk-9-1.pdf>]
<Lab2-MARSS_files/figure-latex/unnamed-chunk-11-1.pdf, id=72, 469.755pt x 325.2
15pt>
File: Lab2-MARSS_files/figure-latex/unnamed-chunk-11-1.pdf Graphic file (type p
df)
<use Lab2-MARSS_files/figure-latex/unnamed-chunk-11-1.pdf>
Package pdftex.def Info: Lab2-MARSS_files/figure-latex/unnamed-chunk-11-1.pdf  
used on input line 288.
(pdftex.def)             Requested size: 469.75386pt x 325.2142pt.
[6 <./Lab2-MARSS_files/figure-latex/unnamed-chunk-10-1.pdf>] [7 <./Lab2-MARSS_f
iles/figure-latex/unnamed-chunk-11-1.pdf>]
<Data_Images/UCR-Steelhead-regions.png, id=100, 468.75125pt x 582.175pt>
File: Data_Images/UCR-Steelhead-regions.png Graphic file (type png)
<use Data_Images/UCR-Steelhead-regions.png>
Package pdftex.def Info: Data_Images/UCR-Steelhead-regions.png  used on input l
ine 386.
(pdftex.def)             Requested size: 234.87572pt x 291.70862pt.
! Misplaced alignment tab character &.
<argument> ...e from 2022 5-Year Review: Summary &
                                                   Evaluation of Upper Colum...
l.386 ...gion. https://doi.org/10.25923/p4w5-dp31}
                                                  \label{fig:unnamed-chunk-12} 
Here is how much of TeX's memory you used:
 10426 strings out of 480971
 156347 string characters out of 5905120
 461629 words of memory out of 5000000
 27446 multiletter control sequences out of 15000+600000
 441949 words of font info for 54 fonts, out of 8000000 for 9000
 14 hyphenation exceptions out of 8191
 71i,6n,74p,411b,465s stack positions out of 5000i,500n,10000p,200000b,80000s

!  ==> Fatal error occurred, no output PDF file produced!
